<?xml version="1.0" encoding="UTF-8"?>
<!-- Generated by org.testng.reporters.JUnitReportReporter -->
<testsuite skipped="0" hostname="INLT1716" name="com.ranford.testcases.ContactsPageTest" tests="1" failures="0" timestamp="21 Jan 2019 07:17:49 GMT" time="15.335" errors="0">
  <testcase name="clickOnNewContactsTest" time="15.335" classname="com.ranford.testcases.ContactsPageTest"/>
</testsuite> <!-- com.ranford.testcases.ContactsPageTest -->
