<?xml version="1.0" encoding="UTF-8"?>
<!-- Generated by org.testng.reporters.JUnitReportReporter -->
<testsuite skipped="0" hostname="INLT1716" name="com.ranford.testcases.LoginTest" tests="1" failures="0" timestamp="19 Jan 2019 11:43:26 GMT" time="17.355" errors="0">
  <testcase name="loginTest" time="17.355" classname="com.ranford.testcases.LoginTest"/>
</testsuite> <!-- com.ranford.testcases.LoginTest -->
