<?xml version="1.0" encoding="UTF-8"?>
<!-- Generated by org.testng.reporters.JUnitReportReporter -->
<testsuite skipped="0" hostname="INLT1716" name="com.ranford.testcases.LoginTest" tests="1" failures="0" timestamp="17 Jan 2019 09:49:41 GMT" time="14.650" errors="0">
  <testcase name="loginTest" time="14.650" classname="com.ranford.testcases.LoginTest"/>
</testsuite> <!-- com.ranford.testcases.LoginTest -->
