<?xml version="1.0" encoding="UTF-8"?>
<!-- Generated by org.testng.reporters.JUnitReportReporter -->
<testsuite skipped="0" hostname="INLT1716" name="com.ranford.testcases.NewContactsPageTest" tests="4" failures="0" timestamp="21 Jan 2019 09:13:51 GMT" time="77.980" errors="0">
  <testcase name="createNewContactsTest" time="18.125" classname="com.ranford.testcases.NewContactsPageTest"/>
  <testcase name="createNewContactsTest" time="18.189" classname="com.ranford.testcases.NewContactsPageTest"/>
  <testcase name="createNewContactsTest" time="21.467" classname="com.ranford.testcases.NewContactsPageTest"/>
  <testcase name="createNewContactsTest" time="20.199" classname="com.ranford.testcases.NewContactsPageTest"/>
</testsuite> <!-- com.ranford.testcases.NewContactsPageTest -->
